app/build/outputs/logs/manifest-merger-debug-report.txt
-- Merging decision tree log ---
manifest
ADDED from src\main\AndroidManifest.xml:2:1-303:12
INJECTED from src\main\AndroidManifest.xml:2:1-303:12
INJECTED from src\main\AndroidManifest.xml:2:1-303:12
INJECTED from src\main\AndroidManifest.xml:2:1-303:12
MERGED from [com.android.support:support-v4:26.1.0] AndroidManifest.xml:17:1-31:12
MERGED from [com.android.support:support-media-compat:26.1.0] AndroidManifest.xml:17:1-31:12
MERGED from [com.android.support:support-fragment:26.1.0] AndroidManifest.xml:17:1-31:12
MERGED from [com.android.support:support-core-utils:26.1.0] AndroidManifest.xml:17:1-31:12
MERGED from [com.android.support:support-core-ui:26.1.0] AndroidManifest.xml:17:1-31:12
MERGED from [com.android.support:support-compat:26.1.0] AndroidManifest.xml:17:1-31:12
MERGED from [android.arch.lifecycle:runtime:1.0.0] AndroidManifest.xml:17:1-30:12
INJECTED from src\main\AndroidManifest.xml:2:1-303:12
INJECTED from src\main\AndroidManifest.xml:2:1-303:12
INJECTED from src\main\AndroidManifest.xml:2:1-303:12
	package
		ADDED from src\main\AndroidManifest.xml:3:5-40
		INJECTED from src\main\AndroidManifest.xml
		INJECTED from src\main\AndroidManifest.xml
	android:versionName
		ADDED from src\main\AndroidManifest.xml:5:5-30
		INJECTED from src\main\AndroidManifest.xml
		INJECTED from src\main\AndroidManifest.xml
	xmlns:android
		ADDED from src\main\AndroidManifest.xml:2:11-69
	android:versionCode
		ADDED from src\main\AndroidManifest.xml:4:5-28
		INJECTED from src\main\AndroidManifest.xml
		INJECTED from src\main\AndroidManifest.xml
uses-permission#android.permission.KILL_BACKGROUND_PROCESSES
ADDED from src\main\AndroidManifest.xml:7:5-84
	android:name
		ADDED from src\main\AndroidManifest.xml:7:22-81
uses-permission#android.permission.WRITE_SETTINGS
ADDED from src\main\AndroidManifest.xml:8:5-73
	android:name
		ADDED from src\main\AndroidManifest.xml:8:22-70
uses-permission#android.permission.VIBRATE
ADDED from src\main\AndroidManifest.xml:10:5-66
	android:name
		ADDED from src\main\AndroidManifest.xml:10:22-63
uses-permission#android.permission.CHANGE_WIFI_STATE
ADDED from src\main\AndroidManifest.xml:11:5-76
	android:name
		ADDED from src\main\AndroidManifest.xml:11:22-73
uses-permission#android.permission.INTERNET
ADDED from src\main\AndroidManifest.xml:12:5-67
	android:name
		ADDED from src\main\AndroidManifest.xml:12:22-64
uses-permission#android.permission.ACCESS_NETWORK_STATE
ADDED from src\main\AndroidManifest.xml:13:5-79
	android:name
		ADDED from src\main\AndroidManifest.xml:13:22-76
uses-permission#android.permission.ACCESS_WIFI_STATE
ADDED from src\main\AndroidManifest.xml:14:5-76
	android:name
		ADDED from src\main\AndroidManifest.xml:14:22-73
uses-permission#android.permission.WRITE_EXTERNAL_STORAGE
ADDED from src\main\AndroidManifest.xml:15:5-81
	android:name
		ADDED from src\main\AndroidManifest.xml:15:22-78
uses-permission#android.permission.READ_EXTERNAL_STORAGE
ADDED from src\main\AndroidManifest.xml:16:5-80
	android:name
		ADDED from src\main\AndroidManifest.xml:16:22-77
uses-permission#android.permission.CAMERA
ADDED from src\main\AndroidManifest.xml:19:5-65
	android:name
		ADDED from src\main\AndroidManifest.xml:19:22-62
uses-permission#android.permission.RECORD_AUDIO
ADDED from src\main\AndroidManifest.xml:20:5-71
	android:name
		ADDED from src\main\AndroidManifest.xml:20:22-68
uses-permission#android.permission.MOUNT_UNMOUNT_FILESYSTEMS
ADDED from src\main\AndroidManifest.xml:21:5-84
	android:name
		ADDED from src\main\AndroidManifest.xml:21:22-81
uses-permission#android.permission.READ_PHONE_STATE
ADDED from src\main\AndroidManifest.xml:25:5-75
	android:name
		ADDED from src\main\AndroidManifest.xml:25:22-72
uses-permission#android.permission.CALL_PHONE
ADDED from src\main\AndroidManifest.xml:26:5-69
	android:name
		ADDED from src\main\AndroidManifest.xml:26:22-66
uses-permission#android.permission.WAKE_LOCK
ADDED from src\main\AndroidManifest.xml:27:5-68
	android:name
		ADDED from src\main\AndroidManifest.xml:27:22-65
uses-permission#android.permission.RECEIVE_BOOT_COMPLETED
ADDED from src\main\AndroidManifest.xml:29:5-81
	android:name
		ADDED from src\main\AndroidManifest.xml:29:22-78
uses-permission#android.permission.GET_TASKS
ADDED from src\main\AndroidManifest.xml:32:2-64
	android:name
		ADDED from src\main\AndroidManifest.xml:32:19-62
uses-permission#com.android.launcher.permission.READ_SETTINGS
ADDED from src\main\AndroidManifest.xml:34:2-82
	android:name
		ADDED from src\main\AndroidManifest.xml:34:19-79
uses-permission#android.permission.ACCESS_COARSE_LOCATION
ADDED from src\main\AndroidManifest.xml:36:5-81
	android:name
		ADDED from src\main\AndroidManifest.xml:36:22-78
uses-permission#android.permission.ACCESS_FINE_LOCATION
ADDED from src\main\AndroidManifest.xml:38:5-79
	android:name
		ADDED from src\main\AndroidManifest.xml:38:22-76
uses-feature#android.hardware.camera
ADDED from src\main\AndroidManifest.xml:57:5-60
	android:name
		ADDED from src\main\AndroidManifest.xml:57:19-57
uses-feature#android.hardware.camera.autofocus
ADDED from src\main\AndroidManifest.xml:58:5-70
	android:name
		ADDED from src\main\AndroidManifest.xml:58:19-67
uses-permission#android.permission.FLASHLIGHT
ADDED from src\main\AndroidManifest.xml:72:2-66
	android:name
		ADDED from src\main\AndroidManifest.xml:72:19-63
uses-permission#android.permission.READ_LOGS
ADDED from src\main\AndroidManifest.xml:73:2-65
	android:name
		ADDED from src\main\AndroidManifest.xml:73:19-62
uses-permission#android.permission.CHANGE_WIFI_MULTICAST_STATE
ADDED from src\main\AndroidManifest.xml:75:2-83
	android:name
		ADDED from src\main\AndroidManifest.xml:75:19-80
application
ADDED from src\main\AndroidManifest.xml:78:5-301:19
MERGED from [com.android.support:support-v4:26.1.0] AndroidManifest.xml:25:5-29:19
MERGED from [com.android.support:support-v4:26.1.0] AndroidManifest.xml:25:5-29:19
MERGED from [com.android.support:support-media-compat:26.1.0] AndroidManifest.xml:25:5-29:19
MERGED from [com.android.support:support-media-compat:26.1.0] AndroidManifest.xml:25:5-29:19
MERGED from [com.android.support:support-fragment:26.1.0] AndroidManifest.xml:25:5-29:19
MERGED from [com.android.support:support-fragment:26.1.0] AndroidManifest.xml:25:5-29:19
MERGED from [com.android.support:support-core-utils:26.1.0] AndroidManifest.xml:25:5-29:19
MERGED from [com.android.support:support-core-utils:26.1.0] AndroidManifest.xml:25:5-29:19
MERGED from [com.android.support:support-core-ui:26.1.0] AndroidManifest.xml:25:5-29:19
MERGED from [com.android.support:support-core-ui:26.1.0] AndroidManifest.xml:25:5-29:19
MERGED from [com.android.support:support-compat:26.1.0] AndroidManifest.xml:25:5-29:19
MERGED from [com.android.support:support-compat:26.1.0] AndroidManifest.xml:25:5-29:19
MERGED from [android.arch.lifecycle:runtime:1.0.0] AndroidManifest.xml:24:5-28:19
MERGED from [android.arch.lifecycle:runtime:1.0.0] AndroidManifest.xml:24:5-28:19
	android:label
		ADDED from src\main\AndroidManifest.xml:81:9-41
	android:icon
		ADDED from src\main\AndroidManifest.xml:80:9-42
	android:allowBackup
		ADDED from src\main\AndroidManifest.xml:79:9-35
	android:theme
		ADDED from src\main\AndroidManifest.xml:82:9-56
	android:name
		ADDED from src\main\AndroidManifest.xml:83:9-57
activity#com.example.smartouwei.FirstActivity
ADDED from src\main\AndroidManifest.xml:85:9-94:20
	android:screenOrientation
		ADDED from src\main\AndroidManifest.xml:87:13-49
	android:windowSoftInputMode
		ADDED from src\main\AndroidManifest.xml:88:13-54
	android:name
		ADDED from src\main\AndroidManifest.xml:86:13-64
intent-filter#action:name:android.intent.action.MAIN+category:name:android.intent.category.LAUNCHER
ADDED from src\main\AndroidManifest.xml:89:13-93:29
action#android.intent.action.MAIN
ADDED from src\main\AndroidManifest.xml:90:17-69
	android:name
		ADDED from src\main\AndroidManifest.xml:90:25-66
category#android.intent.category.LAUNCHER
ADDED from src\main\AndroidManifest.xml:92:17-77
	android:name
		ADDED from src\main\AndroidManifest.xml:92:27-74
activity#com.example.smartouwei.PermissionsActivity
ADDED from src\main\AndroidManifest.xml:96:9-99:57
	android:screenOrientation
		ADDED from src\main\AndroidManifest.xml:98:13-49
	android:windowSoftInputMode
		ADDED from src\main\AndroidManifest.xml:99:13-54
	android:name
		ADDED from src\main\AndroidManifest.xml:97:13-70
activity#com.example.smartouwei.WelcomeActivity
ADDED from src\main\AndroidManifest.xml:101:9-109:20
	android:screenOrientation
		ADDED from src\main\AndroidManifest.xml:105:13-49
	android:label
		ADDED from src\main\AndroidManifest.xml:103:13-45
	android:launchMode
		ADDED from src\main\AndroidManifest.xml:106:13-42
	android:windowSoftInputMode
		ADDED from src\main\AndroidManifest.xml:107:13-54
	android:theme
		ADDED from src\main\AndroidManifest.xml:104:13-60
	android:name
		ADDED from src\main\AndroidManifest.xml:102:13-66
activity#com.example.smartouwei.DeviceListActivity
ADDED from src\main\AndroidManifest.xml:111:9-118:20
	android:screenOrientation
		ADDED from src\main\AndroidManifest.xml:115:13-49
	android:label
		ADDED from src\main\AndroidManifest.xml:113:13-45
	android:launchMode
		ADDED from src\main\AndroidManifest.xml:116:13-42
	android:windowSoftInputMode
		ADDED from src\main\AndroidManifest.xml:117:13-54
	android:theme
		ADDED from src\main\AndroidManifest.xml:114:13-60
	android:name
		ADDED from src\main\AndroidManifest.xml:112:13-69
activity#com.example.smartouwei.CaptureActivity
ADDED from src\main\AndroidManifest.xml:120:9-127:20
	android:screenOrientation
		ADDED from src\main\AndroidManifest.xml:124:13-49
	android:label
		ADDED from src\main\AndroidManifest.xml:122:13-45
	android:launchMode
		ADDED from src\main\AndroidManifest.xml:125:13-42
	android:windowSoftInputMode
		ADDED from src\main\AndroidManifest.xml:126:13-54
	android:theme
		ADDED from src\main\AndroidManifest.xml:123:13-60
	android:name
		ADDED from src\main\AndroidManifest.xml:121:13-66
activity#com.example.smartouwei.ShareDeviceActivity
ADDED from src\main\AndroidManifest.xml:129:9-135:20
	android:screenOrientation
		ADDED from src\main\AndroidManifest.xml:133:13-49
	android:label
		ADDED from src\main\AndroidManifest.xml:131:13-45
	android:windowSoftInputMode
		ADDED from src\main\AndroidManifest.xml:134:13-54
	android:theme
		ADDED from src\main\AndroidManifest.xml:132:13-60
	android:name
		ADDED from src\main\AndroidManifest.xml:130:13-70
activity#com.example.smartouwei.Smart8266Activity
ADDED from src\main\AndroidManifest.xml:137:9-143:20
	android:screenOrientation
		ADDED from src\main\AndroidManifest.xml:141:13-49
	android:label
		ADDED from src\main\AndroidManifest.xml:139:13-45
	android:windowSoftInputMode
		ADDED from src\main\AndroidManifest.xml:142:13-54
	android:theme
		ADDED from src\main\AndroidManifest.xml:140:13-60
	android:name
		ADDED from src\main\AndroidManifest.xml:138:13-68
activity#com.example.smartouwei.ControlGuangBoActivity
ADDED from src\main\AndroidManifest.xml:145:9-151:20
	android:screenOrientation
		ADDED from src\main\AndroidManifest.xml:149:13-49
	android:label
		ADDED from src\main\AndroidManifest.xml:147:13-45
	android:windowSoftInputMode
		ADDED from src\main\AndroidManifest.xml:150:13-54
	android:theme
		ADDED from src\main\AndroidManifest.xml:148:13-60
	android:name
		ADDED from src\main\AndroidManifest.xml:146:13-73
activity#com.example.smartouwei.ControlShiZhengActivity
ADDED from src\main\AndroidManifest.xml:153:9-159:20
	android:screenOrientation
		ADDED from src\main\AndroidManifest.xml:157:13-49
	android:label
		ADDED from src\main\AndroidManifest.xml:155:13-45
	android:windowSoftInputMode
		ADDED from src\main\AndroidManifest.xml:158:13-54
	android:theme
		ADDED from src\main\AndroidManifest.xml:156:13-60
	android:name
		ADDED from src\main\AndroidManifest.xml:154:13-74
activity#com.example.smartouwei.ControlYuGangActivity
ADDED from src\main\AndroidManifest.xml:161:9-167:20
	android:screenOrientation
		ADDED from src\main\AndroidManifest.xml:165:13-49
	android:label
		ADDED from src\main\AndroidManifest.xml:163:13-45
	android:windowSoftInputMode
		ADDED from src\main\AndroidManifest.xml:166:13-54
	android:theme
		ADDED from src\main\AndroidManifest.xml:164:13-60
	android:name
		ADDED from src\main\AndroidManifest.xml:162:13-72
activity#com.example.smartouwei.ControlMainActivity
ADDED from src\main\AndroidManifest.xml:169:9-175:20
	android:screenOrientation
		ADDED from src\main\AndroidManifest.xml:173:13-49
	android:label
		ADDED from src\main\AndroidManifest.xml:171:13-45
	android:windowSoftInputMode
		ADDED from src\main\AndroidManifest.xml:174:13-54
	android:theme
		ADDED from src\main\AndroidManifest.xml:172:13-60
	android:name
		ADDED from src\main\AndroidManifest.xml:170:13-70
activity#com.example.smartouwei.controlactivity.CYActivity
ADDED from src\main\AndroidManifest.xml:177:9-183:20
	android:screenOrientation
		ADDED from src\main\AndroidManifest.xml:181:13-49
	android:label
		ADDED from src\main\AndroidManifest.xml:179:13-45
	android:windowSoftInputMode
		ADDED from src\main\AndroidManifest.xml:182:13-54
	android:theme
		ADDED from src\main\AndroidManifest.xml:180:13-60
	android:name
		ADDED from src\main\AndroidManifest.xml:178:13-77
activity#com.example.smartouwei.controlactivity.DengActivity
ADDED from src\main\AndroidManifest.xml:185:9-191:20
	android:screenOrientation
		ADDED from src\main\AndroidManifest.xml:189:13-49
	android:label
		ADDED from src\main\AndroidManifest.xml:187:13-45
	android:windowSoftInputMode
		ADDED from src\main\AndroidManifest.xml:190:13-54
	android:theme
		ADDED from src\main\AndroidManifest.xml:188:13-60
	android:name
		ADDED from src\main\AndroidManifest.xml:186:13-79
activity#com.example.smartouwei.controlactivity.DengYGActivity
ADDED from src\main\AndroidManifest.xml:193:9-199:20
	android:screenOrientation
		ADDED from src\main\AndroidManifest.xml:197:13-49
	android:label
		ADDED from src\main\AndroidManifest.xml:195:13-45
	android:windowSoftInputMode
		ADDED from src\main\AndroidManifest.xml:198:13-54
	android:theme
		ADDED from src\main\AndroidManifest.xml:196:13-60
	android:name
		ADDED from src\main\AndroidManifest.xml:194:13-81
activity#com.example.smartouwei.controlactivity.FBActivity
ADDED from src\main\AndroidManifest.xml:201:9-207:20
	android:screenOrientation
		ADDED from src\main\AndroidManifest.xml:205:13-49
	android:label
		ADDED from src\main\AndroidManifest.xml:203:13-45
	android:windowSoftInputMode
		ADDED from src\main\AndroidManifest.xml:206:13-54
	android:theme
		ADDED from src\main\AndroidManifest.xml:204:13-60
	android:name
		ADDED from src\main\AndroidManifest.xml:202:13-77
activity#com.example.smartouwei.controlactivity.GBActivity
ADDED from src\main\AndroidManifest.xml:209:9-215:20
	android:screenOrientation
		ADDED from src\main\AndroidManifest.xml:213:13-49
	android:label
		ADDED from src\main\AndroidManifest.xml:211:13-45
	android:windowSoftInputMode
		ADDED from src\main\AndroidManifest.xml:214:13-54
	android:theme
		ADDED from src\main\AndroidManifest.xml:212:13-60
	android:name
		ADDED from src\main\AndroidManifest.xml:210:13-77
activity#com.example.smartouwei.controlactivity.JRActivity
ADDED from src\main\AndroidManifest.xml:217:9-223:20
	android:screenOrientation
		ADDED from src\main\AndroidManifest.xml:221:13-49
	android:label
		ADDED from src\main\AndroidManifest.xml:219:13-45
	android:windowSoftInputMode
		ADDED from src\main\AndroidManifest.xml:222:13-54
	android:theme
		ADDED from src\main\AndroidManifest.xml:220:13-60
	android:name
		ADDED from src\main\AndroidManifest.xml:218:13-77
activity#com.example.smartouwei.controlactivity.JSActivity
ADDED from src\main\AndroidManifest.xml:225:9-231:20
	android:screenOrientation
		ADDED from src\main\AndroidManifest.xml:229:13-49
	android:label
		ADDED from src\main\AndroidManifest.xml:227:13-45
	android:windowSoftInputMode
		ADDED from src\main\AndroidManifest.xml:230:13-54
	android:theme
		ADDED from src\main\AndroidManifest.xml:228:13-60
	android:name
		ADDED from src\main\AndroidManifest.xml:226:13-77
activity#com.example.smartouwei.controlactivity.SBActivity
ADDED from src\main\AndroidManifest.xml:233:9-239:20
	android:screenOrientation
		ADDED from src\main\AndroidManifest.xml:237:13-49
	android:label
		ADDED from src\main\AndroidManifest.xml:235:13-45
	android:windowSoftInputMode
		ADDED from src\main\AndroidManifest.xml:238:13-54
	android:theme
		ADDED from src\main\AndroidManifest.xml:236:13-60
	android:name
		ADDED from src\main\AndroidManifest.xml:234:13-77
activity#com.example.smartouwei.controlactivity.ZKGActivity
ADDED from src\main\AndroidManifest.xml:241:9-247:20
	android:screenOrientation
		ADDED from src\main\AndroidManifest.xml:245:13-49
	android:label
		ADDED from src\main\AndroidManifest.xml:243:13-45
	android:windowSoftInputMode
		ADDED from src\main\AndroidManifest.xml:246:13-54
	android:theme
		ADDED from src\main\AndroidManifest.xml:244:13-60
	android:name
		ADDED from src\main\AndroidManifest.xml:242:13-78
activity#com.example.smartouwei.ControlTemperActivity
ADDED from src\main\AndroidManifest.xml:249:9-255:20
	android:screenOrientation
		ADDED from src\main\AndroidManifest.xml:253:13-49
	android:label
		ADDED from src\main\AndroidManifest.xml:251:13-45
	android:windowSoftInputMode
		ADDED from src\main\AndroidManifest.xml:254:13-54
	android:theme
		ADDED from src\main\AndroidManifest.xml:252:13-60
	android:name
		ADDED from src\main\AndroidManifest.xml:250:13-72
activity#com.example.smartouwei.MultiActivity
ADDED from src\main\AndroidManifest.xml:257:9-263:20
	android:screenOrientation
		ADDED from src\main\AndroidManifest.xml:261:13-49
	android:label
		ADDED from src\main\AndroidManifest.xml:259:13-45
	android:windowSoftInputMode
		ADDED from src\main\AndroidManifest.xml:262:13-54
	android:theme
		ADDED from src\main\AndroidManifest.xml:260:13-60
	android:name
		ADDED from src\main\AndroidManifest.xml:258:13-64
service#com.example.smartouwei.service.ControlService
ADDED from src\main\AndroidManifest.xml:266:9-268:19
	android:name
		ADDED from src\main\AndroidManifest.xml:267:13-73
service#io.xlink.wifi.sdk.XlinkUdpService
ADDED from src\main\AndroidManifest.xml:271:9-69
	android:name
		ADDED from src\main\AndroidManifest.xml:271:18-66
service#io.xlink.wifi.sdk.XlinkTcpService
ADDED from src\main\AndroidManifest.xml:274:9-69
	android:name
		ADDED from src\main\AndroidManifest.xml:274:18-66
service#com.baidu.location.f
ADDED from src\main\AndroidManifest.xml:276:3-280:19
	android:process
		ADDED from src\main\AndroidManifest.xml:279:13-38
	android:enabled
		ADDED from src\main\AndroidManifest.xml:278:13-35
	android:name
		ADDED from src\main\AndroidManifest.xml:277:13-48
meta-data#com.baidu.lbsapi.API_KEY
ADDED from src\main\AndroidManifest.xml:282:9-284:64
	android:value
		ADDED from src\main\AndroidManifest.xml:284:13-61
	android:name
		ADDED from src\main\AndroidManifest.xml:283:13-52
service#com.alibaba.mtl.appmonitor.AppMonitorService
ADDED from src\main\AndroidManifest.xml:288:9-80
	android:name
		ADDED from src\main\AndroidManifest.xml:288:18-77
uses-sdk
INJECTED from src\main\AndroidManifest.xml reason: use-sdk injection requested
INJECTED from src\main\AndroidManifest.xml
INJECTED from src\main\AndroidManifest.xml
MERGED from [com.android.support:support-v4:26.1.0] AndroidManifest.xml:21:5-23:54
MERGED from [com.android.support:support-v4:26.1.0] AndroidManifest.xml:21:5-23:54
MERGED from [com.android.support:support-media-compat:26.1.0] AndroidManifest.xml:21:5-23:63
MERGED from [com.android.support:support-media-compat:26.1.0] AndroidManifest.xml:21:5-23:63
MERGED from [com.android.support:support-fragment:26.1.0] AndroidManifest.xml:21:5-23:60
MERGED from [com.android.support:support-fragment:26.1.0] AndroidManifest.xml:21:5-23:60
MERGED from [com.android.support:support-core-utils:26.1.0] AndroidManifest.xml:21:5-23:61
MERGED from [com.android.support:support-core-utils:26.1.0] AndroidManifest.xml:21:5-23:61
MERGED from [com.android.support:support-core-ui:26.1.0] AndroidManifest.xml:21:5-23:58
MERGED from [com.android.support:support-core-ui:26.1.0] AndroidManifest.xml:21:5-23:58
MERGED from [com.android.support:support-compat:26.1.0] AndroidManifest.xml:21:5-23:58
MERGED from [com.android.support:support-compat:26.1.0] AndroidManifest.xml:21:5-23:58
MERGED from [android.arch.lifecycle:runtime:1.0.0] AndroidManifest.xml:20:5-22:41
MERGED from [android.arch.lifecycle:runtime:1.0.0] AndroidManifest.xml:20:5-22:41
INJECTED from src\main\AndroidManifest.xml
INJECTED from src\main\AndroidManifest.xml
	tools:overrideLibrary
		ADDED from [com.android.support:support-v4:26.1.0] AndroidManifest.xml:23:9-51
	android:targetSdkVersion
		INJECTED from src\main\AndroidManifest.xml
		ADDED from src\main\AndroidManifest.xml
		INJECTED from src\main\AndroidManifest.xml
	android:minSdkVersion
		INJECTED from src\main\AndroidManifest.xml
		ADDED from src\main\AndroidManifest.xml
		INJECTED from src\main\AndroidManifest.xml
meta-data#android.support.VERSION
ADDED from [com.android.support:support-v4:26.1.0] AndroidManifest.xml:26:9-28:38
MERGED from [com.android.support:support-media-compat:26.1.0] AndroidManifest.xml:26:9-28:38
MERGED from [com.android.support:support-media-compat:26.1.0] AndroidManifest.xml:26:9-28:38
MERGED from [com.android.support:support-fragment:26.1.0] AndroidManifest.xml:26:9-28:38
MERGED from [com.android.support:support-fragment:26.1.0] AndroidManifest.xml:26:9-28:38
MERGED from [com.android.support:support-core-utils:26.1.0] AndroidManifest.xml:26:9-28:38
MERGED from [com.android.support:support-core-utils:26.1.0] AndroidManifest.xml:26:9-28:38
MERGED from [com.android.support:support-core-ui:26.1.0] AndroidManifest.xml:26:9-28:38
MERGED from [com.android.support:support-core-ui:26.1.0] AndroidManifest.xml:26:9-28:38
MERGED from [com.android.support:support-compat:26.1.0] AndroidManifest.xml:26:9-28:38
MERGED from [com.android.support:support-compat:26.1.0] AndroidManifest.xml:26:9-28:38
	android:value
		ADDED from [com.android.support:support-v4:26.1.0] AndroidManifest.xml:28:13-35
	android:name
		ADDED from [com.android.support:support-v4:26.1.0] AndroidManifest.xml:27:13-51
meta-data#android.arch.lifecycle.VERSION
ADDED from [android.arch.lifecycle:runtime:1.0.0] AndroidManifest.xml:25:9-27:47
	android:value
		ADDED from [android.arch.lifecycle:runtime:1.0.0] AndroidManifest.xml:27:13-44
	android:name
		ADDED from [android.arch.lifecycle:runtime:1.0.0] AndroidManifest.xml:26:13-58